<?xml version="1.0" encoding="UTF-8"?>
<testng-results skipped="0" failed="0" ignored="0" total="1" passed="1">
  <reporter-output>
  </reporter-output>
  <suite name="Default suite" duration-ms="4413" started-at="2017-04-21T05:12:25Z" finished-at="2017-04-21T05:12:29Z">
    <groups>
    </groups>
    <test name="Default test" duration-ms="4413" started-at="2017-04-21T05:12:25Z" finished-at="2017-04-21T05:12:29Z">
      <class name="com.demoaut.newtours.TestScript.ValidateCredential">
        <test-method status="PASS" signature="openBrowser()[pri:0, instance:com.demoaut.newtours.TestScript.ValidateCredential@39c0f4a]" name="openBrowser" is-config="true" duration-ms="9428" started-at="2017-04-21T01:12:16Z" finished-at="2017-04-21T01:12:25Z">
          <reporter-output>
          </reporter-output>
        </test-method> <!-- openBrowser -->
        <test-method status="PASS" signature="validateCreden()[pri:0, instance:com.demoaut.newtours.TestScript.ValidateCredential@39c0f4a]" name="validateCreden" duration-ms="4182" started-at="2017-04-21T01:12:25Z" finished-at="2017-04-21T01:12:29Z">
          <reporter-output>
          </reporter-output>
        </test-method> <!-- validateCreden -->
        <test-method status="PASS" signature="tearDown()[pri:0, instance:com.demoaut.newtours.TestScript.ValidateCredential@39c0f4a]" name="tearDown" is-config="true" duration-ms="6253" started-at="2017-04-21T01:12:29Z" finished-at="2017-04-21T01:12:36Z">
          <reporter-output>
          </reporter-output>
        </test-method> <!-- tearDown -->
      </class> <!-- com.demoaut.newtours.TestScript.ValidateCredential -->
    </test> <!-- Default test -->
  </suite> <!-- Default suite -->
</testng-results>
